Filename                                            Regions    Missed Regions     Cover   Functions  Missed Functions  Executed       Lines      Missed Lines     Cover    Branches   Missed Branches     Cover
---------------------------------------------------------------------------------------------------------------------------------------------------------------------------------------------------------------
Tools/ShortcutsListTool.swift                             8                 7    12.50%           4                 3    25.00%          94                62    34.04%           0                 0         -
Tools/SystemInfoTool.swift                              123                41    66.67%          33                 5    84.85%         533                57    89.31%           0                 0         -
Tools/ShortcutsTool.swift                                11                10     9.09%           4                 3    25.00%          98                60    38.78%           0                 0         -
Tools/Audio/FeedbackAnalysisTool.swift                  474               157    66.88%         132                44    66.67%        1381               308    77.70%           0                 0         -
Tools/Audio/BusinessContextAnalyzer.swift               136                98    27.94%          33                19    42.42%         474               304    35.86%           0                 0         -
Tools/Audio/SimilarityRankingTool.swift                 190               106    44.21%          63                20    68.25%         676               264    60.95%           0                 0         -
Tools/Audio/CatalogSummarizationTool.swift              323               170    47.37%         135                62    54.07%        1199               423    64.72%           0                 0         -
Tools/Audio/QualityAssessor.swift                       134               101    24.63%          55                37    32.73%         473               342    27.70%           0                 0         -
Tools/Audio/ContentClassificationAnalyzer.swift         146               109    25.34%          42                26    38.10%         323               195    39.63%           0                 0         -
Tools/Audio/FocusedSummarizationTool.swift              155                73    52.90%          48                13    72.92%         446               117    73.77%           0                 0         -
Tools/Audio/ModelInfoTool.swift                          36                14    61.11%          24                 9    62.50%         230                51    77.83%           0                 0         -
Tools/Audio/TextChunkingTool.swift                      258                96    62.79%          85                26    69.41%        1050               344    67.24%           0                 0         -
Tools/Audio/TextNormalizeTool.swift                      77                28    63.64%          32                 8    75.00%         440                74    83.18%           0                 0         -
Tools/Audio/CapabilitiesListTool.swift                   56                25    55.36%          23                 8    65.22%         712                81    88.62%           0                 0         -
Tools/Audio/SchemaExtractionTool.swift                   96                43    55.21%          33                11    66.67%         518               114    77.99%           0                 0         -
Tools/Audio/IntentRecognitionTool.swift                 163                91    44.17%          38                 5    86.84%         554               106    80.87%           0                 0         -
Tools/Audio/TokenCountUtility.swift                     125                42    66.40%          57                17    70.18%         530                52    90.19%           0                 0         -
Tools/Audio/TextRewriteTool.swift                       128                44    65.62%          42                13    69.05%         547               106    80.62%           0                 0         -
Tools/Audio/QueryAnalysisTool.swift                     267               153    42.70%          65                15    76.92%         833               218    73.83%           0                 0         -
Tools/Audio/ContentPurposeDetector.swift                 53                21    60.38%          25                 9    64.00%         302                79    73.84%           0                 0         -
Tools/Audio/TagGenerationTool.swift                     149                61    59.06%          52                22    57.69%         514               112    78.21%           0                 0         -
Tools/Audio/ContentAnalysisComponents.swift             256               163    36.33%          87                52    40.23%         805               464    42.36%           0                 0         -
Tools/Audio/EmbeddingGenerationTool.swift               192               129    32.81%          65                41    36.92%         943               651    30.97%           0                 0         -
Tools/Audio/PIIRedactionTool.swift                       79                36    54.43%          24                 2    91.67%         330                48    85.45%           0                 0         -
Tools/Audio/SessionNotesTool.swift                      492               142    71.14%         129                23    82.17%        1401               221    84.23%           0                 0         -
Tools/Audio/SummarizationTool.swift                      84                18    78.57%          31                 7    77.42%         356                46    87.08%           0                 0         -
Tools/Audio/TechnicalComplexityAnalyzer.swift            82                50    39.02%          22                10    54.55%         334               154    53.89%           0                 0         -
Tools/Audio/ContentAnalysisTypes.swift                  121               113     6.61%          20                12    40.00%         205               140    31.71%           0                 0         -
Tools/Audio/HealthPingTool.swift                        130                50    61.54%          43                 7    83.72%         471                88    81.32%           0                 0         -
Tools/BookIntelligenceTool.swift                         84                 4    95.24%          21                 1    95.24%         367                 3    99.18%           0                 0         -
Tools/PermissionTool.swift                               20                19     5.00%           8                 7    12.50%         113                86    23.89%           0                 0         -
Tools/LocalIntelligenceTools.swift                       88                40    54.55%          33                 8    75.76%         510               121    76.27%           0                 0         -
Tools/VoiceControlTool.swift                              2                 0   100.00%           2                 0   100.00%          46                 0   100.00%           0                 0         -
Core/TextProcessingTool.swift                            48                28    41.67%          14                 8    42.86%         152                97    36.18%           0                 0         -
Core/CapabilityContracts.swift                           43                 9    79.07%          10                 2    80.00%          82                 8    90.24%           0                 0         -
Core/CapabilityRouter.swift                             120                37    69.17%          34                 5    85.29%         217                36    83.41%           0                 0         -
Core/StructuredOutput.swift                              21                 6    71.43%           3                 1    66.67%          41                 8    80.49%           0                 0         -
Core/JSONSchemaValidator.swift                          111                43    61.26%          19                 9    52.63%         227                61    73.13%           0                 0         -
Core/ToolsRegistry.swift                                177                62    64.97%          58                18    68.97%         845               203    75.98%           0                 0         -
Core/AudioDomainTool.swift                               76                52    31.58%          24                17    29.17%         254               182    28.35%           0                 0         -
Core/RuntimeCapabilities.swift                           91                35    61.54%          16                 3    81.25%         148                34    77.03%           0                 0         -
Security/KeychainManager.swift                           49                46     6.12%          13                11    15.38%         127               106    16.54%           0                 0         -
Security/SecurityManager.swift                           71                54    23.94%          28                19    32.14%         183               118    35.52%           0                 0         -
Providers/ApplePCCProvider.swift                         29                23    20.69%           6                 3    50.00%          70                52    25.71%           0                 0         -
Providers/ShortcutsProvider.swift                        74                28    62.16%          19                 6    68.42%         168                58    65.48%           0                 0         -
Providers/AutomationSafety.swift                         28                 6    78.57%          14                 2    85.71%          75                 5    93.33%           0                 0         -
Providers/DeterministicTextProvider.swift                54                 5    90.74%          23                 0   100.00%         133                 2    98.50%           0                 0         -
Providers/AppleFoundationProvider26.swift                73                46    36.99%          16                 8    50.00%         161                74    54.04%           0                 0         -
Providers/ImageUnderstandingProviders.swift              53                21    60.38%          14                 5    64.29%         178                47    73.60%           0                 0         -
Utils/TextValidationUtils.swift                          97                61    37.11%          18                11    38.89%         278               175    37.05%           0                 0         -
Utils/VendorNeutralAnalyzer.swift                       102                34    66.67%          36                 5    86.11%         325                83    74.46%           0                 0         -
Utils/ErrorHandlingUtils.swift                           81                74     8.64%          20                17    15.00%         249               196    21.29%           0                 0         -
Utils/Logger.swift                                       95                61    35.79%          43                27    37.21%         294               176    40.14%           0                 0         -
Utils/RedactionPolicies.swift                           124                86    30.65%          61                39    36.07%         390               179    54.10%           0                 0         -
Utils/Extensions.swift                                   64                61     4.69%          37                34     8.11%         178               168     5.62%           0                 0         -
Utils/PIIDetectionPatterns.swift                        191                99    48.17%          59                24    59.32%         567               147    74.07%           0                 0         -
Utils/Types.swift                                       135               102    24.44%          50                34    32.00%         263               168    36.12%           0                 0         -
Utils/EngineeringTemplates.swift                         21                 3    85.71%          14                 3    78.57%         596                 3    99.50%           0                 0         -
Utils/Configuration.swift                               140               114    18.57%          62                47    24.19%         390               269    31.03%           0                 0         -
Models/Permission.swift                                  20                20     0.00%           3                 3     0.00%          40                40     0.00%           0                 0         -
Models/MCPTool.swift                                     22                22     0.00%           2                 2     0.00%          44                44     0.00%           0                 0         -
Server.swift                                            126               106    15.87%          47                41    12.77%         462               383    17.10%           0                 0         -
---------------------------------------------------------------------------------------------------------------------------------------------------------------------------------------------------------------
TOTAL                                                  7074              3598    49.14%        2273               949    58.25%       24945              8613    65.47%           0                 0         -
